#
# There is insufficient memory for the Java Runtime Environment to continue.
# Native memory allocation (mmap) failed to map 130023424 bytes for G1 virtual space
# Possible reasons:
#   The system is out of physical RAM or swap space
#   The process is running with CompressedOops enabled, and the Java Heap may be blocking the growth of the native heap
# Possible solutions:
#   Reduce memory load on the system
#   Increase physical memory or swap space
#   Check if swap backing store is full
#   Decrease Java heap size (-Xmx/-Xms)
#   Decrease number of Java threads
#   Decrease Java thread stack sizes (-Xss)
#   Set larger code cache with -XX:ReservedCodeCacheSize=
#   JVM is running with Unscaled Compressed Oops mode in which the Java heap is
#     placed in the first 4GB address space. The Java Heap base address is the
#     maximum limit for the native heap growth. Please use -XX:HeapBaseMinAddress
#     to set the Java Heap base and to place the Java Heap above 4GB virtual address.
# This output file may be truncated or incomplete.
#
#  Out of Memory Error (os_windows.cpp:3466), pid=21280, tid=21032
#
# JRE version:  (16.0+36) (build )
# Java VM: Java HotSpot(TM) 64-Bit Server VM (16+36-2231, mixed mode, sharing, tiered, compressed oops, g1 gc, windows-amd64)
# No core dump will be written. Minidumps are not enabled by default on client versions of Windows
#

---------------  S U M M A R Y ------------

Command Line: -Dfile.encoding=UTF-8 --module-path=C:\Users\HP\Documents\NetBeansProjects\Master minds\build\classes master.minds.Score

Host: 11th Gen Intel(R) Core(TM) i3-1115G4 @ 3.00GHz, 4 cores, 7G,  Windows 10 , 64 bit Build 19041 (10.0.19041.804)
Time: Wed Jun  9 18:33:16 2021 India Standard Time elapsed time: 0.015849 seconds (0d 0h 0m 0s)

---------------  T H R E A D  ---------------

Current thread (0x00000196b7777020):  JavaThread "Unknown thread" [_thread_in_vm, id=21032, stack(0x000000746cb00000,0x000000746cc00000)]

Stack: [0x000000746cb00000,0x000000746cc00000]
Native frames: (J=compiled Java code, j=interpreted, Vv=VM code, C=native code)
V  [jvm.dll+0x6681da]
V  [jvm.dll+0x7c9d99]
V  [jvm.dll+0x7cb4d3]
V  [jvm.dll+0x7cbb33]
V  [jvm.dll+0x242ee5]
V  [jvm.dll+0x664f99]
V  [jvm.dll+0x659b85]
V  [jvm.dll+0x2fbfcb]
V  [jvm.dll+0x3031c6]
V  [jvm.dll+0x352a0e]
V  [jvm.dll+0x352c3f]
V  [jvm.dll+0x2d3038]
V  [jvm.dll+0x2d4274]
V  [jvm.dll+0x79c691]
V  [jvm.dll+0x3607b1]
V  [jvm.dll+0x77a370]
V  [jvm.dll+0x3e501f]
V  [jvm.dll+0x3e6af1]
C  [jli.dll+0x52fb]
C  [ucrtbase.dll+0x21bb2]
C  [KERNEL32.DLL+0x17034]
C  [ntdll.dll+0x52651]


---------------  P R O C E S S  ---------------

Threads class SMR info:
_java_thread_list=0x00007ff94882cbb8, length=0, elements={
}

Java Threads: ( => current thread )

Other Threads:
  0x00000196b77b4cb0 GCTaskThread "GC Thread#0" [stack: 0x000000746cc00000,0x000000746cd00000] [id=20680]
  0x00000196b77c6220 ConcurrentGCThread "G1 Main Marker" [stack: 0x000000746cd00000,0x000000746ce00000] [id=20544]
  0x00000196b77ca6e0 ConcurrentGCThread "G1 Conc#0" [stack: 0x000000746ce00000,0x000000746cf00000] [id=19280]

[error occurred during error reporting (printing all threads), id 0xc0000005, EXCEPTION_ACCESS_VIOLATION (0xc0000005) at pc=0x00007ff948003ef7]

VM state: not at safepoint (not fully initialized)

VM Mutex/Monitor currently owned by a thread:  ([mutex/lock_event])
[0x00000196b77730e0] Heap_lock - owner thread: 0x00000196b7777020

Heap address: 0x0000000085800000, size: 1960 MB, Compressed Oops mode: 32-bit
CDS archive(s) mapped at: [0x0000000000000000-0x0000000000000000-0x0000000000000000), size 0, SharedBaseAddress: 0x0000000800000000, ArchiveRelocationMode: 0.
Narrow klass base: 0x0000000000000000, Narrow klass shift: 0, Narrow klass range: 0x0

GC Precious Log:
<Empty>

Heap:
 garbage-first heap   total 0K, used 0K [0x0000000085800000, 0x0000000100000000)
  region size 1024K, 0 young (0K), 0 survivors (0K)

[error occurred during error reporting (printing heap information), id 0xc0000005, EXCEPTION_ACCESS_VIOLATION (0xc0000005) at pc=0x00007ff9483e1edd]

GC Heap History (0 events):
No events

Deoptimization events (0 events):
No events

Classes unloaded (0 events):
No events

Classes redefined (0 events):
No events

Internal exceptions (0 events):
No events

Events (1 events):
Event: 0.007 Loaded shared library C:\Program Files\Java\jdk-16\bin\java.dll


Dynamic libraries:
0x00007ff65c410000 - 0x00007ff65c420000 	C:\Program Files\Java\jdk-16\bin\java.exe
0x00007ff98da90000 - 0x00007ff98dc85000 	C:\Windows\SYSTEM32\ntdll.dll
0x00007ff98d1e0000 - 0x00007ff98d29d000 	C:\Windows\System32\KERNEL32.DLL
0x00007ff98b560000 - 0x00007ff98b828000 	C:\Windows\System32\KERNELBASE.dll
0x00007ff98b830000 - 0x00007ff98b930000 	C:\Windows\System32\ucrtbase.dll
0x00007ff986b70000 - 0x00007ff986b89000 	C:\Program Files\Java\jdk-16\bin\VCRUNTIME140.dll
0x00007ff974960000 - 0x00007ff974978000 	C:\Program Files\Java\jdk-16\bin\jli.dll
0x00007ff98d120000 - 0x00007ff98d1cc000 	C:\Windows\System32\ADVAPI32.dll
0x00007ff98d5c0000 - 0x00007ff98d65e000 	C:\Windows\System32\msvcrt.dll
0x00007ff98d660000 - 0x00007ff98d6fb000 	C:\Windows\System32\sechost.dll
0x00007ff98cb20000 - 0x00007ff98cc4b000 	C:\Windows\System32\RPCRT4.dll
0x00007ff98d700000 - 0x00007ff98d8a0000 	C:\Windows\System32\USER32.dll
0x00007ff98b3d0000 - 0x00007ff98b3f2000 	C:\Windows\System32\win32u.dll
0x00007ff98d2a0000 - 0x00007ff98d2ca000 	C:\Windows\System32\GDI32.dll
0x00007ff98b930000 - 0x00007ff98ba3b000 	C:\Windows\System32\gdi32full.dll
0x00007ff98b2d0000 - 0x00007ff98b36d000 	C:\Windows\System32\msvcp_win.dll
0x00007ff973ac0000 - 0x00007ff973d5a000 	C:\Windows\WinSxS\amd64_microsoft.windows.common-controls_6595b64144ccf1df_6.0.19041.844_none_ca00b6081b84eb1d\COMCTL32.dll
0x00007ff980a00000 - 0x00007ff980a0a000 	C:\Windows\SYSTEM32\VERSION.dll
0x00007ff98c730000 - 0x00007ff98c760000 	C:\Windows\System32\IMM32.DLL
0x00007ff986710000 - 0x00007ff98671c000 	C:\Program Files\Java\jdk-16\bin\vcruntime140_1.dll
0x00007ff96d6f0000 - 0x00007ff96d781000 	C:\Program Files\Java\jdk-16\bin\msvcp140.dll
0x00007ff947d20000 - 0x00007ff9488cb000 	C:\Program Files\Java\jdk-16\bin\server\jvm.dll
0x00007ff98cd40000 - 0x00007ff98cd48000 	C:\Windows\System32\PSAPI.DLL
0x00007ff986b90000 - 0x00007ff986b99000 	C:\Windows\SYSTEM32\WSOCK32.dll
0x00007ff98cd60000 - 0x00007ff98cdcb000 	C:\Windows\System32\WS2_32.dll
0x00007ff97f390000 - 0x00007ff97f3b7000 	C:\Windows\SYSTEM32\WINMM.dll
0x00007ff989aa0000 - 0x00007ff989ab2000 	C:\Windows\SYSTEM32\kernel.appcore.dll
0x00007ff984a60000 - 0x00007ff984a6a000 	C:\Program Files\Java\jdk-16\bin\jimage.dll
0x00007ff989000000 - 0x00007ff9891e4000 	C:\Windows\SYSTEM32\DBGHELP.DLL
0x00007ff975ee0000 - 0x00007ff975f0c000 	C:\Windows\SYSTEM32\dbgcore.DLL
0x00007ff98b1d0000 - 0x00007ff98b250000 	C:\Windows\System32\bcryptPrimitives.dll
0x00007ff9866a0000 - 0x00007ff9866c5000 	C:\Program Files\Java\jdk-16\bin\java.dll

dbghelp: loaded successfully - version: 4.0.5 - missing functions: none
symbol engine: initialized successfully - sym options: 0x614 - pdb path: .;C:\Program Files\Java\jdk-16\bin;C:\Windows\SYSTEM32;C:\Windows\WinSxS\amd64_microsoft.windows.common-controls_6595b64144ccf1df_6.0.19041.844_none_ca00b6081b84eb1d;C:\Program Files\Java\jdk-16\bin\server

VM Arguments:
jvm_args: -Dfile.encoding=UTF-8 --module-path=C:\Users\HP\Documents\NetBeansProjects\Master minds\build\classes 
java_command: master.minds.Score
java_class_path (initial): C:\Users\HP\Documents\NetBeansProjects\Master minds\build\classes
Launcher Type: SUN_STANDARD

[Global flags]
     intx CICompilerCount                          = 3                                         {product} {ergonomic}
     uint ConcGCThreads                            = 1                                         {product} {ergonomic}
     uint G1ConcRefinementThreads                  = 4                                         {product} {ergonomic}
   size_t G1HeapRegionSize                         = 1048576                                   {product} {ergonomic}
    uintx GCDrainStackTargetSize                   = 64                                        {product} {ergonomic}
   size_t InitialHeapSize                          = 130023424                                 {product} {ergonomic}
   size_t MarkStackSize                            = 4194304                                   {product} {ergonomic}
   size_t MaxHeapSize                              = 2055208960                                {product} {ergonomic}
   size_t MinHeapDeltaBytes                        = 1048576                                   {product} {ergonomic}
   size_t MinHeapSize                              = 8388608                                   {product} {ergonomic}
    uintx NonNMethodCodeHeapSize                   = 5832780                                {pd product} {ergonomic}
    uintx NonProfiledCodeHeapSize                  = 122912730                              {pd product} {ergonomic}
    uintx ProfiledCodeHeapSize                     = 122912730                              {pd product} {ergonomic}
    uintx ReservedCodeCacheSize                    = 251658240                              {pd product} {ergonomic}
     bool SegmentedCodeCache                       = true                                      {product} {ergonomic}
   size_t SoftMaxHeapSize                          = 2055208960                             {manageable} {ergonomic}
     bool UseCompressedClassPointers               = true                           {product lp64_product} {ergonomic}
     bool UseCompressedOops                        = true                           {product lp64_product} {ergonomic}
     bool UseG1GC                                  = true                                      {product} {ergonomic}
     bool UseLargePagesIndividualAllocation        = false                                  {pd product} {ergonomic}

Logging:
Log output configuration:
 #0: stdout all=warning uptime,level,tags
 #1: stderr all=off uptime,level,tags

Environment Variables:
PATH=C:\Program Files\Common Files\Oracle\Java\javapath;C:\Windows\system32;C:\Windows;C:\Windows\System32\Wbem;C:\Windows\System32\WindowsPowerShell\v1.0\;C:\Windows\System32\OpenSSH\;C:\Program Files\Java\jdk-16\bin;C:\Users\HP\AppData\Local\Microsoft\WindowsApps;;C:\Users\HP\AppData\Local\Programs\Microsoft VS Code\bin
USERNAME=HP
OS=Windows_NT
PROCESSOR_IDENTIFIER=Intel64 Family 6 Model 140 Stepping 1, GenuineIntel



---------------  S Y S T E M  ---------------

OS:
 Windows 10 , 64 bit Build 19041 (10.0.19041.804)
OS uptime: 0 days 17:05 hours

CPU: total 4 (initial active 4) (2 cores per cpu, 2 threads per core) family 6 model 140 stepping 1 microcode 0x66, cx8, cmov, fxsr, ht, mmx, 3dnowpref, sse, sse2, sse3, ssse3, sse4.1, sse4.2, popcnt, lzcnt, tsc, tscinvbit, avx, avx2, aes, erms, clmul, bmi1, bmi2, adx, avx512f, avx512dq, avx512cd, avx512bw, avx512vl, sha, fma, vzeroupper, avx512_vpopcntdq, avx512_vpclmulqdq, avx512_vaes, avx512_vnni, clflush, clflushopt, clwb, avx512_vmbi2, avx512_vmbi

Memory: 4k page, system-wide physical 7834M (864M free)
TotalPageFile size 26497M (AvailPageFile size 36M)
current process WorkingSet (physical memory assigned to process): 10M, peak: 10M
current process commit charge ("private bytes"): 51M, peak: 175M

vm_info: Java HotSpot(TM) 64-Bit Server VM (16+36-2231) for windows-amd64 JRE (16+36-2231), built on Feb  8 2021 11:43:10 by "mach5one" with MS VC++ 16.7 (VS2019)

END.
